  raster.cpp
C:\Users\u5752303\Desktop\Games Engineering\assignment\GE_assigment_optimisation\Rasterizer - 2026\Rasterizer\mesh.h(199,25): warning C4244: 'initializing': conversion from 'double' to 'float', possible loss of data
  (compiling source file 'raster.cpp')
  
C:\Users\u5752303\Desktop\Games Engineering\assignment\GE_assigment_optimisation\Rasterizer - 2026\Rasterizer\mesh.h(204,27): warning C4244: 'initializing': conversion from 'double' to 'float', possible loss of data
  (compiling source file 'raster.cpp')
  
C:\Users\u5752303\Desktop\Games Engineering\assignment\GE_assigment_optimisation\Rasterizer - 2026\Rasterizer\mesh.h(377,25): warning C4244: 'initializing': conversion from 'double' to 'float', possible loss of data
  (compiling source file 'raster.cpp')
  
C:\Users\u5752303\Desktop\Games Engineering\assignment\GE_assigment_optimisation\Rasterizer - 2026\Rasterizer\mesh.h(382,27): warning C4244: 'initializing': conversion from 'double' to 'float', possible loss of data
  (compiling source file 'raster.cpp')
  
C:\Users\u5752303\Desktop\Games Engineering\assignment\GE_assigment_optimisation\Rasterizer - 2026\Rasterizer\renderer.h(13,30): warning C4305: 'initializing': truncation from 'double' to 'float'
  (compiling source file 'raster.cpp')
  
C:\Users\u5752303\Desktop\Games Engineering\assignment\GE_assigment_optimisation\Rasterizer - 2026\Rasterizer\triangle.h(697,60): warning C4101: 'zz': unreferenced local variable
  (compiling source file 'raster.cpp')
  
C:\Users\u5752303\Desktop\Games Engineering\assignment\GE_assigment_optimisation\Rasterizer - 2026\Rasterizer\raster_SOA.h(383,26): warning C4267: 'initializing': conversion from 'size_t' to 'int', possible loss of data
  (compiling source file 'raster.cpp')
  
C:\Users\u5752303\Desktop\Games Engineering\assignment\GE_assigment_optimisation\Rasterizer - 2026\Rasterizer\raster_SOA.h(411,66): warning C4244: 'argument': conversion from 'unsigned int' to 'float', possible loss of data
  (compiling source file 'raster.cpp')
  
C:\Users\u5752303\Desktop\Games Engineering\assignment\GE_assigment_optimisation\Rasterizer - 2026\Rasterizer\raster_SOA.h(411,37): warning C4244: 'argument': conversion from 'unsigned int' to 'float', possible loss of data
  (compiling source file 'raster.cpp')
  
C:\Users\u5752303\Desktop\Games Engineering\assignment\GE_assigment_optimisation\Rasterizer - 2026\Rasterizer\raster_SOA.h(575,26): warning C4267: 'initializing': conversion from 'size_t' to 'int', possible loss of data
  (compiling source file 'raster.cpp')
  
C:\Users\u5752303\Desktop\Games Engineering\assignment\GE_assigment_optimisation\Rasterizer - 2026\Rasterizer\raster_SOA.h(587,104): warning C4244: 'argument': conversion from 'unsigned int' to 'float', possible loss of data
  (compiling source file 'raster.cpp')
  
C:\Users\u5752303\Desktop\Games Engineering\assignment\GE_assigment_optimisation\Rasterizer - 2026\Rasterizer\raster_SOA.h(587,75): warning C4244: 'argument': conversion from 'unsigned int' to 'float', possible loss of data
  (compiling source file 'raster.cpp')
  
C:\Users\u5752303\Desktop\Games Engineering\assignment\GE_assigment_optimisation\Rasterizer - 2026\Rasterizer\raster_SOA.h(751,66): warning C4244: 'argument': conversion from 'unsigned int' to 'float', possible loss of data
  (compiling source file 'raster.cpp')
  
C:\Users\u5752303\Desktop\Games Engineering\assignment\GE_assigment_optimisation\Rasterizer - 2026\Rasterizer\raster_SOA.h(751,37): warning C4244: 'argument': conversion from 'unsigned int' to 'float', possible loss of data
  (compiling source file 'raster.cpp')
  
C:\Users\u5752303\Desktop\Games Engineering\assignment\GE_assigment_optimisation\Rasterizer - 2026\Rasterizer\raster.cpp(167,42): warning C4018: '<': signed/unsigned mismatch
C:\Users\u5752303\Desktop\Games Engineering\assignment\GE_assigment_optimisation\Rasterizer - 2026\Rasterizer\raster.cpp(559,69): warning C4305: 'argument': truncation from 'double' to 'float'
C:\Users\u5752303\Desktop\Games Engineering\assignment\GE_assigment_optimisation\Rasterizer - 2026\Rasterizer\raster.cpp(560,69): warning C4305: 'argument': truncation from 'double' to 'float'
C:\Users\u5752303\Desktop\Games Engineering\assignment\GE_assigment_optimisation\Rasterizer - 2026\Rasterizer\raster.cpp(561,69): warning C4305: 'argument': truncation from 'double' to 'float'
  Rasterizer.vcxproj -> C:\Users\u5752303\Desktop\Games Engineering\assignment\GE_assigment_optimisation\Rasterizer - 2026\x64\Debug\Rasterizer.exe
