  raster.cpp
C:\Users\u5752303\Desktop\Games Engineering\assignment\GE_assigment_optimisation\Rasterizer\Rasterizer\mesh.h(199,25): warning C4244: 'initializing': conversion from 'double' to 'float', possible loss of data
  (compiling source file 'raster.cpp')
  
C:\Users\u5752303\Desktop\Games Engineering\assignment\GE_assigment_optimisation\Rasterizer\Rasterizer\mesh.h(204,27): warning C4244: 'initializing': conversion from 'double' to 'float', possible loss of data
  (compiling source file 'raster.cpp')
  
C:\Users\u5752303\Desktop\Games Engineering\assignment\GE_assigment_optimisation\Rasterizer\Rasterizer\mesh.h(377,25): warning C4244: 'initializing': conversion from 'double' to 'float', possible loss of data
  (compiling source file 'raster.cpp')
  
C:\Users\u5752303\Desktop\Games Engineering\assignment\GE_assigment_optimisation\Rasterizer\Rasterizer\mesh.h(382,27): warning C4244: 'initializing': conversion from 'double' to 'float', possible loss of data
  (compiling source file 'raster.cpp')
  
C:\Users\u5752303\Desktop\Games Engineering\assignment\GE_assigment_optimisation\Rasterizer\Rasterizer\thread.h(92,28): warning C4267: 'return': conversion from 'size_t' to 'int', possible loss of data
  (compiling source file 'raster.cpp')
  
C:\Users\u5752303\Desktop\Games Engineering\assignment\GE_assigment_optimisation\Rasterizer\Rasterizer\thread.h(98,26): warning C4267: 'return': conversion from 'size_t' to 'int', possible loss of data
  (compiling source file 'raster.cpp')
  
C:\Users\u5752303\Desktop\Games Engineering\assignment\GE_assigment_optimisation\Rasterizer\Rasterizer\renderer.h(13,30): warning C4305: 'initializing': truncation from 'double' to 'float'
  (compiling source file 'raster.cpp')
  
C:\Users\u5752303\Desktop\Games Engineering\assignment\GE_assigment_optimisation\Rasterizer\Rasterizer\triangle.h(698,60): warning C4101: 'zz': unreferenced local variable
  (compiling source file 'raster.cpp')
  
C:\Users\u5752303\Desktop\Games Engineering\assignment\GE_assigment_optimisation\Rasterizer\Rasterizer\raster_SOA.h(415,66): warning C4244: 'argument': conversion from 'unsigned int' to 'float', possible loss of data
  (compiling source file 'raster.cpp')
  
C:\Users\u5752303\Desktop\Games Engineering\assignment\GE_assigment_optimisation\Rasterizer\Rasterizer\raster_SOA.h(415,37): warning C4244: 'argument': conversion from 'unsigned int' to 'float', possible loss of data
  (compiling source file 'raster.cpp')
  
C:\Users\u5752303\Desktop\Games Engineering\assignment\GE_assigment_optimisation\Rasterizer\Rasterizer\raster_SOA.h(591,104): warning C4244: 'argument': conversion from 'unsigned int' to 'float', possible loss of data
  (compiling source file 'raster.cpp')
  
C:\Users\u5752303\Desktop\Games Engineering\assignment\GE_assigment_optimisation\Rasterizer\Rasterizer\raster_SOA.h(591,75): warning C4244: 'argument': conversion from 'unsigned int' to 'float', possible loss of data
  (compiling source file 'raster.cpp')
  
C:\Users\u5752303\Desktop\Games Engineering\assignment\GE_assigment_optimisation\Rasterizer\Rasterizer\raster_SOA.h(756,66): warning C4244: 'argument': conversion from 'unsigned int' to 'float', possible loss of data
  (compiling source file 'raster.cpp')
  
C:\Users\u5752303\Desktop\Games Engineering\assignment\GE_assigment_optimisation\Rasterizer\Rasterizer\raster_SOA.h(756,37): warning C4244: 'argument': conversion from 'unsigned int' to 'float', possible loss of data
  (compiling source file 'raster.cpp')
  
C:\Users\u5752303\Desktop\Games Engineering\assignment\GE_assigment_optimisation\Rasterizer\Rasterizer\raster.cpp(167,42): warning C4018: '<': signed/unsigned mismatch
C:\Users\u5752303\Desktop\Games Engineering\assignment\GE_assigment_optimisation\Rasterizer\Rasterizer\raster.cpp(554,69): warning C4305: 'argument': truncation from 'double' to 'float'
C:\Users\u5752303\Desktop\Games Engineering\assignment\GE_assigment_optimisation\Rasterizer\Rasterizer\raster.cpp(555,69): warning C4305: 'argument': truncation from 'double' to 'float'
C:\Users\u5752303\Desktop\Games Engineering\assignment\GE_assigment_optimisation\Rasterizer\Rasterizer\raster.cpp(556,69): warning C4305: 'argument': truncation from 'double' to 'float'
  Generating code
  156 of 1076 functions (14.5%) were compiled, the rest were copied from previous compilation.
    0 functions were new in current compilation
    13 functions had inline decision re-evaluated but remain unchanged
  Finished generating code
  Rasterizer.vcxproj -> C:\Users\u5752303\Desktop\Games Engineering\assignment\GE_assigment_optimisation\Rasterizer\x64\Release\Rasterizer.exe
